<?xml version="1.0" encoding="UTF-8"?>
<!-- Generated by org.testng.reporters.JUnitReportReporter -->
<testsuite hostname="Ranjan-PC" failures="0" tests="4" name="day1.HttpRequest" time="4.524" errors="0" timestamp="2024-02-14T15:47:48 IST" skipped="0">
  <testcase classname="day1.HttpRequest" name="getUsers" time="2.876"/>
  <testcase classname="day1.HttpRequest" name="createUser" time="0.823"/>
  <testcase classname="day1.HttpRequest" name="updateUser" time="0.391"/>
  <testcase classname="day1.HttpRequest" name="deleteUser" time="0.434"/>
</testsuite> <!-- day1.HttpRequest -->
